Build started 4/11/2014 12:07:17 AM.
     1>Project "C:\Users\Edmund Ophie\Documents\Visual Studio 2012\Projects\TSP\TSP\TSP.vcxproj" on node 2 (Build target(s)).
     1>ClCompile:
         C:\Program Files (x86)\Microsoft Visual Studio 11.0\VC\bin\CL.exe /c /I"C:\SFML-2.1\include" /ZI /nologo /W3 /WX- /Od /Oy- /D SFML_STATIC /D WIN32 /D _DEBUG /D _CONSOLE /D _UNICODE /D UNICODE /Gm /EHsc /RTC1 /MDd /GS /fp:precise /Zc:wchar_t /Zc:forScope /Fo"Debug\\" /Fd"Debug\vc110.pdb" /Gd /TP /analyze- /errorReport:prompt Simpul.cpp
         Simpul.cpp
     1>c:\users\edmund ophie\documents\visual studio 2012\projects\tsp\tsp\simpul.cpp(113): warning C4018: '<' : signed/unsigned mismatch
     1>c:\users\edmund ophie\documents\visual studio 2012\projects\tsp\tsp\simpul.cpp(130): warning C4018: '<' : signed/unsigned mismatch
     1>c:\users\edmund ophie\documents\visual studio 2012\projects\tsp\tsp\simpul.cpp(168): warning C4018: '<' : signed/unsigned mismatch
     1>c:\users\edmund ophie\documents\visual studio 2012\projects\tsp\tsp\simpul.cpp(183): warning C4018: '<' : signed/unsigned mismatch
     1>c:\users\edmund ophie\documents\visual studio 2012\projects\tsp\tsp\simpul.cpp(202): warning C4244: 'argument' : conversion from 'int' to 'float', possible loss of data
     1>c:\users\edmund ophie\documents\visual studio 2012\projects\tsp\tsp\simpul.cpp(211): warning C4244: 'argument' : conversion from 'int' to 'float', possible loss of data
       Link:
         C:\Program Files (x86)\Microsoft Visual Studio 11.0\VC\bin\link.exe /ERRORREPORT:PROMPT /OUT:"C:\Users\Edmund Ophie\Documents\Visual Studio 2012\Projects\TSP\Debug\TSP.exe" /INCREMENTAL /NOLOGO /LIBPATH:"C:\SFML-2.1\lib" "sfml-network-s-d.lib" "sfml-audio-s-d.lib" "sfml-graphics-s-d.lib" "sfml-window-s-d.lib" "sfml-system-s-d.lib" kernel32.lib user32.lib gdi32.lib winspool.lib comdlg32.lib advapi32.lib shell32.lib ole32.lib oleaut32.lib uuid.lib odbc32.lib odbccp32.lib kernel32.lib user32.lib gdi32.lib winspool.lib comdlg32.lib advapi32.lib shell32.lib ole32.lib oleaut32.lib uuid.lib odbc32.lib odbccp32.lib /MANIFEST /MANIFESTUAC:"level='asInvoker' uiAccess='false'" /manifest:embed /DEBUG /PDB:"C:\Users\Edmund Ophie\Documents\Visual Studio 2012\Projects\TSP\Debug\TSP.pdb" /SUBSYSTEM:CONSOLE /TLBID:1 /DYNAMICBASE /NXCOMPAT /IMPLIB:"C:\Users\Edmund Ophie\Documents\Visual Studio 2012\Projects\TSP\Debug\TSP.lib" /MACHINE:X86 Debug\File.obj
         Debug\Main.obj
         Debug\Matriks.obj
         Debug\Simpul.obj
         TSP.vcxproj -> C:\Users\Edmund Ophie\Documents\Visual Studio 2012\Projects\TSP\Debug\TSP.exe
     1>Done Building Project "C:\Users\Edmund Ophie\Documents\Visual Studio 2012\Projects\TSP\TSP\TSP.vcxproj" (Build target(s)).

Build succeeded.

Time Elapsed 00:00:01.46
